CRITICAL - 2024-02-14 04:48:54 --> ParseError: syntax error, unexpected token "=", expecting ")"
in APPPATH\Controllers\Auth.php on line 20.
 1 SYSTEMPATH\Autoloader\Autoloader.php(288): CodeIgniter\Autoloader\Autoloader->includeFile('C:\\WampServer\\www\\ApiIntegration\\app\\Controllers\\Auth.php')
 2 SYSTEMPATH\Autoloader\Autoloader.php(266): CodeIgniter\Autoloader\Autoloader->loadInNamespace('App\\Controllers\\Auth')
 3 [internal function]: CodeIgniter\Autoloader\Autoloader->loadClass('App\\Controllers\\Auth')
 4 SYSTEMPATH\CodeIgniter.php(899): class_exists('\\App\\Controllers\\Auth', true)
 5 SYSTEMPATH\CodeIgniter.php(489): CodeIgniter\CodeIgniter->startController()
 6 SYSTEMPATH\CodeIgniter.php(361): CodeIgniter\CodeIgniter->handleRequest(null, Object(Config\Cache), false)
 7 FCPATH\index.php(79): CodeIgniter\CodeIgniter->run()
CRITICAL - 2024-02-14 05:30:12 --> ErrorException: Undefined variable $request
in APPPATH\Controllers\Auth.php on line 20.
 1 APPPATH\Controllers\Auth.php(20): CodeIgniter\Debug\Exceptions->errorHandler(2, 'Undefined variable $request', 'C:\\WampServer\\www\\ApiIntegration\\app\\Controllers\\Auth.php', 20)
 2 SYSTEMPATH\CodeIgniter.php(941): App\Controllers\Auth->index()
 3 SYSTEMPATH\CodeIgniter.php(502): CodeIgniter\CodeIgniter->runController(Object(App\Controllers\Auth))
 4 SYSTEMPATH\CodeIgniter.php(361): CodeIgniter\CodeIgniter->handleRequest(null, Object(Config\Cache), false)
 5 FCPATH\index.php(79): CodeIgniter\CodeIgniter->run()
CRITICAL - 2024-02-14 05:46:10 --> TypeError: trim(): Argument #1 ($string) must be of type string, array given
in APPPATH\Controllers\Auth.php on line 21.
 1 APPPATH\Controllers\Auth.php(21): trim([...])
 2 SYSTEMPATH\CodeIgniter.php(941): App\Controllers\Auth->index()
 3 SYSTEMPATH\CodeIgniter.php(502): CodeIgniter\CodeIgniter->runController(Object(App\Controllers\Auth))
 4 SYSTEMPATH\CodeIgniter.php(361): CodeIgniter\CodeIgniter->handleRequest(null, Object(Config\Cache), false)
 5 FCPATH\index.php(79): CodeIgniter\CodeIgniter->run()
CRITICAL - 2024-02-14 05:46:55 --> TypeError: trim(): Argument #1 ($string) must be of type string, array given
in APPPATH\Controllers\Auth.php on line 21.
 1 APPPATH\Controllers\Auth.php(21): trim([...])
 2 SYSTEMPATH\CodeIgniter.php(941): App\Controllers\Auth->index()
 3 SYSTEMPATH\CodeIgniter.php(502): CodeIgniter\CodeIgniter->runController(Object(App\Controllers\Auth))
 4 SYSTEMPATH\CodeIgniter.php(361): CodeIgniter\CodeIgniter->handleRequest(null, Object(Config\Cache), false)
 5 FCPATH\index.php(79): CodeIgniter\CodeIgniter->run()
CRITICAL - 2024-02-14 06:34:13 --> ErrorException: date_default_timezone_set(): Timezone ID 'UST' is invalid
in APPPATH\Controllers\Auth.php on line 18.
 1 [internal function]: CodeIgniter\Debug\Exceptions->errorHandler(8, 'date_default_timezone_set(): Timezone ID \'UST\' is invalid', 'C:\\WampServer\\www\\ApiIntegration\\app\\Controllers\\Auth.php', 18)
 2 APPPATH\Controllers\Auth.php(18): date_default_timezone_set('UST')
 3 SYSTEMPATH\CodeIgniter.php(941): App\Controllers\Auth->index()
 4 SYSTEMPATH\CodeIgniter.php(502): CodeIgniter\CodeIgniter->runController(Object(App\Controllers\Auth))
 5 SYSTEMPATH\CodeIgniter.php(361): CodeIgniter\CodeIgniter->handleRequest(null, Object(Config\Cache), false)
 6 FCPATH\index.php(79): CodeIgniter\CodeIgniter->run()
CRITICAL - 2024-02-14 06:35:29 --> ErrorException: date_default_timezone_set(): Timezone ID 'ust' is invalid
in APPPATH\Controllers\Auth.php on line 18.
 1 [internal function]: CodeIgniter\Debug\Exceptions->errorHandler(8, 'date_default_timezone_set(): Timezone ID \'ust\' is invalid', 'C:\\WampServer\\www\\ApiIntegration\\app\\Controllers\\Auth.php', 18)
 2 APPPATH\Controllers\Auth.php(18): date_default_timezone_set('ust')
 3 SYSTEMPATH\CodeIgniter.php(941): App\Controllers\Auth->index()
 4 SYSTEMPATH\CodeIgniter.php(502): CodeIgniter\CodeIgniter->runController(Object(App\Controllers\Auth))
 5 SYSTEMPATH\CodeIgniter.php(361): CodeIgniter\CodeIgniter->handleRequest(null, Object(Config\Cache), false)
 6 FCPATH\index.php(79): CodeIgniter\CodeIgniter->run()
CRITICAL - 2024-02-14 06:35:41 --> ErrorException: date_default_timezone_set(): Timezone ID 'ust' is invalid
in APPPATH\Controllers\Auth.php on line 18.
 1 [internal function]: CodeIgniter\Debug\Exceptions->errorHandler(8, 'date_default_timezone_set(): Timezone ID \'ust\' is invalid', 'C:\\WampServer\\www\\ApiIntegration\\app\\Controllers\\Auth.php', 18)
 2 APPPATH\Controllers\Auth.php(18): date_default_timezone_set('ust')
 3 SYSTEMPATH\CodeIgniter.php(941): App\Controllers\Auth->index()
 4 SYSTEMPATH\CodeIgniter.php(502): CodeIgniter\CodeIgniter->runController(Object(App\Controllers\Auth))
 5 SYSTEMPATH\CodeIgniter.php(361): CodeIgniter\CodeIgniter->handleRequest(null, Object(Config\Cache), false)
 6 FCPATH\index.php(79): CodeIgniter\CodeIgniter->run()
CRITICAL - 2024-02-14 06:35:59 --> ErrorException: date_default_timezone_set(): Timezone ID 'ust' is invalid
in APPPATH\Controllers\Auth.php on line 18.
 1 [internal function]: CodeIgniter\Debug\Exceptions->errorHandler(8, 'date_default_timezone_set(): Timezone ID \'ust\' is invalid', 'C:\\WampServer\\www\\ApiIntegration\\app\\Controllers\\Auth.php', 18)
 2 APPPATH\Controllers\Auth.php(18): date_default_timezone_set('ust')
 3 SYSTEMPATH\CodeIgniter.php(941): App\Controllers\Auth->index()
 4 SYSTEMPATH\CodeIgniter.php(502): CodeIgniter\CodeIgniter->runController(Object(App\Controllers\Auth))
 5 SYSTEMPATH\CodeIgniter.php(361): CodeIgniter\CodeIgniter->handleRequest(null, Object(Config\Cache), false)
 6 FCPATH\index.php(79): CodeIgniter\CodeIgniter->run()
CRITICAL - 2024-02-14 06:44:01 --> Error: Class "App\Controllers\DateTime" not found
in APPPATH\Controllers\Auth.php on line 21.
 1 SYSTEMPATH\CodeIgniter.php(941): App\Controllers\Auth->index()
 2 SYSTEMPATH\CodeIgniter.php(502): CodeIgniter\CodeIgniter->runController(Object(App\Controllers\Auth))
 3 SYSTEMPATH\CodeIgniter.php(361): CodeIgniter\CodeIgniter->handleRequest(null, Object(Config\Cache), false)
 4 FCPATH\index.php(79): CodeIgniter\CodeIgniter->run()
CRITICAL - 2024-02-14 07:15:14 --> ArgumentCountError: rand() expects exactly 2 arguments, 1 given
in APPPATH\Controllers\Auth.php on line 22.
 1 APPPATH\Controllers\Auth.php(22): rand(1000)
 2 SYSTEMPATH\CodeIgniter.php(941): App\Controllers\Auth->index()
 3 SYSTEMPATH\CodeIgniter.php(502): CodeIgniter\CodeIgniter->runController(Object(App\Controllers\Auth))
 4 SYSTEMPATH\CodeIgniter.php(361): CodeIgniter\CodeIgniter->handleRequest(null, Object(Config\Cache), false)
 5 FCPATH\index.php(79): CodeIgniter\CodeIgniter->run()
